# JRE version: OpenJDK Runtime Environment Temurin-17.0.4.1+1 (17.0.4.1+1) (build 17.0.4.1+1)
# Java VM: OpenJDK 64-Bit Server VM Temurin-17.0.4.1+1 (17.0.4.1+1, mixed mode, tiered, compressed oops, compressed class ptrs, parallel gc, windows-amd64)
GC Precious Log:
 CPUs: 4 total, 4 available
 Memory: 4001M
 Large Page Support: Disabled
 NUMA Support: Disabled
 Compressed Oops: Enabled (32-bit)
 Alignments: Space 512K, Generation 512K, Heap 2M
 Heap Min Capacity: 100M
 Heap Initial Capacity: 100M
 Heap Max Capacity: 1G
 Pre-touch: Disabled
 Parallel Workers: 4
Heap:
 PSYoungGen      total 8192K, used 4512K [0x00000000eab00000, 0x00000000eb500000, 0x0000000100000000)
  eden space 6144K, 43% used [0x00000000eab00000,0x00000000ead9f640,0x00000000eb100000)
  from space 2048K, 89% used [0x00000000eb100000,0x00000000eb2c8d20,0x00000000eb300000)
  to   space 2048K, 0% used [0x00000000eb300000,0x00000000eb300000,0x00000000eb500000)
 ParOldGen       total 300032K, used 263355K [0x00000000c0000000, 0x00000000d2500000, 0x00000000eab00000)
  object space 300032K, 87% used [0x00000000c0000000,0x00000000d012ec10,0x00000000d2500000)
 Metaspace       used 91525K, committed 92800K, reserved 1138688K
  class space    used 9075K, committed 9664K, reserved 1048576K
GC Heap History (20 events):
Event: 3683.746 GC heap before
{Heap before GC invocations=7341 (full 184):
 PSYoungGen      total 15872K, used 6144K [0x00000000eab00000, 0x00000000ec480000, 0x0000000100000000)
  eden space 6144K, 100% used [0x00000000eab00000,0x00000000eb100000,0x00000000eb100000)
  from space 9728K, 0% used [0x00000000eba80000,0x00000000eba80000,0x00000000ec400000)
  to   space 9728K, 0% used [0x00000000eb100000,0x00000000eb100000,0x00000000eba80000)
 ParOldGen       total 300032K, used 225675K [0x00000000c0000000, 0x00000000d2500000, 0x00000000eab00000)
  object space 300032K, 75% used [0x00000000c0000000,0x00000000cdc62c90,0x00000000d2500000)
 Metaspace       used 91524K, committed 92800K, reserved 1138688K
  class space    used 9075K, committed 9664K, reserved 1048576K
}
Event: 3683.749 GC heap after
{Heap after GC invocations=7341 (full 184):
 PSYoungGen      total 10240K, used 3732K [0x00000000eab00000, 0x00000000ebd00000, 0x0000000100000000)
  eden space 6144K, 0% used [0x00000000eab00000,0x00000000eab00000,0x00000000eb100000)
  from space 4096K, 91% used [0x00000000eb100000,0x00000000eb4a5350,0x00000000eb500000)
  to   space 5632K, 0% used [0x00000000eb780000,0x00000000eb780000,0x00000000ebd00000)
 ParOldGen       total 300032K, used 225675K [0x00000000c0000000, 0x00000000d2500000, 0x00000000eab00000)
  object space 300032K, 75% used [0x00000000c0000000,0x00000000cdc62c90,0x00000000d2500000)
 Metaspace       used 91524K, committed 92800K, reserved 1138688K
  class space    used 9075K, committed 9664K, reserved 1048576K
}
Event: 3683.877 GC heap before
{Heap before GC invocations=7342 (full 184):
 PSYoungGen      total 10240K, used 9876K [0x00000000eab00000, 0x00000000ebd00000, 0x0000000100000000)
  eden space 6144K, 100% used [0x00000000eab00000,0x00000000eb100000,0x00000000eb100000)
  from space 4096K, 91% used [0x00000000eb100000,0x00000000eb4a5350,0x00000000eb500000)
  to   space 5632K, 0% used [0x00000000eb780000,0x00000000eb780000,0x00000000ebd00000)
 ParOldGen       total 300032K, used 225675K [0x00000000c0000000, 0x00000000d2500000, 0x00000000eab00000)
  object space 300032K, 75% used [0x00000000c0000000,0x00000000cdc62c90,0x00000000d2500000)
 Metaspace       used 91524K, committed 92800K, reserved 1138688K
  class space    used 9075K, committed 9664K, reserved 1048576K
}
Event: 3683.881 GC heap after
{Heap after GC invocations=7342 (full 184):
 PSYoungGen      total 8704K, used 2361K [0x00000000eab00000, 0x00000000eba00000, 0x0000000100000000)
  eden space 6144K, 0% used [0x00000000eab00000,0x00000000eab00000,0x00000000eb100000)
  from space 2560K, 92% used [0x00000000eb780000,0x00000000eb9ce420,0x00000000eba00000)
  to   space 3584K, 0% used [0x00000000eb300000,0x00000000eb300000,0x00000000eb680000)
 ParOldGen       total 300032K, used 229274K [0x00000000c0000000, 0x00000000d2500000, 0x00000000eab00000)
  object space 300032K, 76% used [0x00000000c0000000,0x00000000cdfe6bd0,0x00000000d2500000)
 Metaspace       used 91524K, committed 92800K, reserved 1138688K
  class space    used 9075K, committed 9664K, reserved 1048576K
}
Event: 3684.385 GC heap before
{Heap before GC invocations=7343 (full 184):
 PSYoungGen      total 8704K, used 8505K [0x00000000eab00000, 0x00000000eba00000, 0x0000000100000000)
  eden space 6144K, 100% used [0x00000000eab00000,0x00000000eb100000,0x00000000eb100000)
  from space 2560K, 92% used [0x00000000eb780000,0x00000000eb9ce420,0x00000000eba00000)
  to   space 3584K, 0% used [0x00000000eb300000,0x00000000eb300000,0x00000000eb680000)
 ParOldGen       total 300032K, used 259995K [0x00000000c0000000, 0x00000000d2500000, 0x00000000eab00000)
  object space 300032K, 86% used [0x00000000c0000000,0x00000000cfde6c00,0x00000000d2500000)
 Metaspace       used 91525K, committed 92800K, reserved 1138688K
  class space    used 9075K, committed 9664K, reserved 1048576K
}
Event: 3684.386 GC heap after
{Heap after GC invocations=7343 (full 184):
 PSYoungGen      total 9728K, used 282K [0x00000000eab00000, 0x00000000eb800000, 0x0000000100000000)
  eden space 6144K, 0% used [0x00000000eab00000,0x00000000eab00000,0x00000000eb100000)
  from space 3584K, 7% used [0x00000000eb300000,0x00000000eb346900,0x00000000eb680000)
  to   space 1536K, 0% used [0x00000000eb680000,0x00000000eb680000,0x00000000eb800000)
 ParOldGen       total 300032K, used 260379K [0x00000000c0000000, 0x00000000d2500000, 0x00000000eab00000)
  object space 300032K, 86% used [0x00000000c0000000,0x00000000cfe46c00,0x00000000d2500000)
 Metaspace       used 91525K, committed 92800K, reserved 1138688K
  class space    used 9075K, committed 9664K, reserved 1048576K
}
Event: 3684.410 GC heap before
{Heap before GC invocations=7344 (full 184):
 PSYoungGen      total 9728K, used 6426K [0x00000000eab00000, 0x00000000eb800000, 0x0000000100000000)
  eden space 6144K, 100% used [0x00000000eab00000,0x00000000eb100000,0x00000000eb100000)
  from space 3584K, 7% used [0x00000000eb300000,0x00000000eb346900,0x00000000eb680000)
  to   space 1536K, 0% used [0x00000000eb680000,0x00000000eb680000,0x00000000eb800000)
 ParOldGen       total 300032K, used 260379K [0x00000000c0000000, 0x00000000d2500000, 0x00000000eab00000)
  object space 300032K, 86% used [0x00000000c0000000,0x00000000cfe46c00,0x00000000d2500000)
 Metaspace       used 91525K, committed 92800K, reserved 1138688K
  class space    used 9075K, committed 9664K, reserved 1048576K
}
Event: 3684.413 GC heap after
{Heap after GC invocations=7344 (full 184):
 PSYoungGen      total 7168K, used 698K [0x00000000eab00000, 0x00000000eb780000, 0x0000000100000000)
  eden space 6144K, 0% used [0x00000000eab00000,0x00000000eab00000,0x00000000eb100000)
  from space 1024K, 68% used [0x00000000eb680000,0x00000000eb72e900,0x00000000eb780000)
  to   space 1024K, 0% used [0x00000000eb580000,0x00000000eb580000,0x00000000eb680000)
 ParOldGen       total 300032K, used 260379K [0x00000000c0000000, 0x00000000d2500000, 0x00000000eab00000)
  object space 300032K, 86% used [0x00000000c0000000,0x00000000cfe46c00,0x00000000d2500000)
 Metaspace       used 91525K, committed 92800K, reserved 1138688K
  class space    used 9075K, committed 9664K, reserved 1048576K
}
Event: 3684.448 GC heap before
{Heap before GC invocations=7345 (full 184):
 PSYoungGen      total 7168K, used 6842K [0x00000000eab00000, 0x00000000eb780000, 0x0000000100000000)
  eden space 6144K, 100% used [0x00000000eab00000,0x00000000eb100000,0x00000000eb100000)
  from space 1024K, 68% used [0x00000000eb680000,0x00000000eb72e900,0x00000000eb780000)
  to   space 1024K, 0% used [0x00000000eb580000,0x00000000eb580000,0x00000000eb680000)
 ParOldGen       total 300032K, used 260379K [0x00000000c0000000, 0x00000000d2500000, 0x00000000eab00000)
  object space 300032K, 86% used [0x00000000c0000000,0x00000000cfe46c00,0x00000000d2500000)
 Metaspace       used 91525K, committed 92800K, reserved 1138688K
  class space    used 9075K, committed 9664K, reserved 1048576K
}
Event: 3684.449 GC heap after
{Heap after GC invocations=7345 (full 184):
 PSYoungGen      total 7168K, used 128K [0x00000000eab00000, 0x00000000eb700000, 0x0000000100000000)
  eden space 6144K, 0% used [0x00000000eab00000,0x00000000eab00000,0x00000000eb100000)
  from space 1024K, 12% used [0x00000000eb580000,0x00000000eb5a0000,0x00000000eb680000)
  to   space 512K, 0% used [0x00000000eb680000,0x00000000eb680000,0x00000000eb700000)
 ParOldGen       total 300032K, used 260427K [0x00000000c0000000, 0x00000000d2500000, 0x00000000eab00000)
  object space 300032K, 86% used [0x00000000c0000000,0x00000000cfe52c00,0x00000000d2500000)
 Metaspace       used 91525K, committed 92800K, reserved 1138688K
  class space    used 9075K, committed 9664K, reserved 1048576K
}
Event: 3684.471 GC heap before
{Heap before GC invocations=7346 (full 184):
 PSYoungGen      total 7168K, used 6272K [0x00000000eab00000, 0x00000000eb700000, 0x0000000100000000)
  eden space 6144K, 100% used [0x00000000eab00000,0x00000000eb100000,0x00000000eb100000)
  from space 1024K, 12% used [0x00000000eb580000,0x00000000eb5a0000,0x00000000eb680000)
  to   space 512K, 0% used [0x00000000eb680000,0x00000000eb680000,0x00000000eb700000)
 ParOldGen       total 300032K, used 260427K [0x00000000c0000000, 0x00000000d2500000, 0x00000000eab00000)
  object space 300032K, 86% used [0x00000000c0000000,0x00000000cfe52c00,0x00000000d2500000)
 Metaspace       used 91525K, committed 92800K, reserved 1138688K
  class space    used 9075K, committed 9664K, reserved 1048576K
}
Event: 3684.473 GC heap after
{Heap after GC invocations=7346 (full 184):
 PSYoungGen      total 6656K, used 314K [0x00000000eab00000, 0x00000000eb700000, 0x0000000100000000)
  eden space 6144K, 0% used [0x00000000eab00000,0x00000000eab00000,0x00000000eb100000)
  from space 512K, 61% used [0x00000000eb680000,0x00000000eb6ce900,0x00000000eb700000)
  to   space 512K, 0% used [0x00000000eb600000,0x00000000eb600000,0x00000000eb680000)
 ParOldGen       total 300032K, used 260427K [0x00000000c0000000, 0x00000000d2500000, 0x00000000eab00000)
  object space 300032K, 86% used [0x00000000c0000000,0x00000000cfe52c00,0x00000000d2500000)
 Metaspace       used 91525K, committed 92800K, reserved 1138688K
  class space    used 9075K, committed 9664K, reserved 1048576K
}
Event: 3684.497 GC heap before
{Heap before GC invocations=7347 (full 184):
 PSYoungGen      total 6656K, used 6458K [0x00000000eab00000, 0x00000000eb700000, 0x0000000100000000)
  eden space 6144K, 100% used [0x00000000eab00000,0x00000000eb100000,0x00000000eb100000)
  from space 512K, 61% used [0x00000000eb680000,0x00000000eb6ce900,0x00000000eb700000)
  to   space 512K, 0% used [0x00000000eb600000,0x00000000eb600000,0x00000000eb680000)
 ParOldGen       total 300032K, used 260427K [0x00000000c0000000, 0x00000000d2500000, 0x00000000eab00000)
  object space 300032K, 86% used [0x00000000c0000000,0x00000000cfe52c00,0x00000000d2500000)
 Metaspace       used 91525K, committed 92800K, reserved 1138688K
  class space    used 9075K, committed 9664K, reserved 1048576K
}
Event: 3684.499 GC heap after
{Heap after GC invocations=7347 (full 184):
 PSYoungGen      total 6656K, used 458K [0x00000000eab00000, 0x00000000eb700000, 0x0000000100000000)
  eden space 6144K, 0% used [0x00000000eab00000,0x00000000eab00000,0x00000000eb100000)
  from space 512K, 89% used [0x00000000eb600000,0x00000000eb672910,0x00000000eb680000)
  to   space 512K, 0% used [0x00000000eb680000,0x00000000eb680000,0x00000000eb700000)
 ParOldGen       total 300032K, used 260427K [0x00000000c0000000, 0x00000000d2500000, 0x00000000eab00000)
  object space 300032K, 86% used [0x00000000c0000000,0x00000000cfe52c00,0x00000000d2500000)
 Metaspace       used 91525K, committed 92800K, reserved 1138688K
  class space    used 9075K, committed 9664K, reserved 1048576K
}
Event: 3684.529 GC heap before
{Heap before GC invocations=7348 (full 184):
 PSYoungGen      total 6656K, used 6602K [0x00000000eab00000, 0x00000000eb700000, 0x0000000100000000)
  eden space 6144K, 100% used [0x00000000eab00000,0x00000000eb100000,0x00000000eb100000)
  from space 512K, 89% used [0x00000000eb600000,0x00000000eb672910,0x00000000eb680000)
  to   space 512K, 0% used [0x00000000eb680000,0x00000000eb680000,0x00000000eb700000)
 ParOldGen       total 300032K, used 260427K [0x00000000c0000000, 0x00000000d2500000, 0x00000000eab00000)
  object space 300032K, 86% used [0x00000000c0000000,0x00000000cfe52c00,0x00000000d2500000)
 Metaspace       used 91525K, committed 92800K, reserved 1138688K
  class space    used 9075K, committed 9664K, reserved 1048576K
}
Event: 3684.530 GC heap after
{Heap after GC invocations=7348 (full 184):
 PSYoungGen      total 6656K, used 298K [0x00000000eab00000, 0x00000000eb700000, 0x0000000100000000)
  eden space 6144K, 0% used [0x00000000eab00000,0x00000000eab00000,0x00000000eb100000)
  from space 512K, 58% used [0x00000000eb680000,0x00000000eb6ca910,0x00000000eb700000)
  to   space 512K, 0% used [0x00000000eb600000,0x00000000eb600000,0x00000000eb680000)
 ParOldGen       total 300032K, used 260427K [0x00000000c0000000, 0x00000000d2500000, 0x00000000eab00000)
  object space 300032K, 86% used [0x00000000c0000000,0x00000000cfe52c00,0x00000000d2500000)
 Metaspace       used 91525K, committed 92800K, reserved 1138688K
  class space    used 9075K, committed 9664K, reserved 1048576K
}
Event: 3684.552 GC heap before
{Heap before GC invocations=7349 (full 184):
 PSYoungGen      total 6656K, used 6442K [0x00000000eab00000, 0x00000000eb700000, 0x0000000100000000)
  eden space 6144K, 100% used [0x00000000eab00000,0x00000000eb100000,0x00000000eb100000)
  from space 512K, 58% used [0x00000000eb680000,0x00000000eb6ca910,0x00000000eb700000)
  to   space 512K, 0% used [0x00000000eb600000,0x00000000eb600000,0x00000000eb680000)
 ParOldGen       total 300032K, used 260427K [0x00000000c0000000, 0x00000000d2500000, 0x00000000eab00000)
  object space 300032K, 86% used [0x00000000c0000000,0x00000000cfe52c00,0x00000000d2500000)
 Metaspace       used 91525K, committed 92800K, reserved 1138688K
  class space    used 9075K, committed 9664K, reserved 1048576K
}
Event: 3684.555 GC heap after
{Heap after GC invocations=7349 (full 184):
 PSYoungGen      total 6656K, used 458K [0x00000000eab00000, 0x00000000eb700000, 0x0000000100000000)
  eden space 6144K, 0% used [0x00000000eab00000,0x00000000eab00000,0x00000000eb100000)
  from space 512K, 89% used [0x00000000eb600000,0x00000000eb672910,0x00000000eb680000)
  to   space 512K, 0% used [0x00000000eb680000,0x00000000eb680000,0x00000000eb700000)
 ParOldGen       total 300032K, used 260427K [0x00000000c0000000, 0x00000000d2500000, 0x00000000eab00000)
  object space 300032K, 86% used [0x00000000c0000000,0x00000000cfe52c00,0x00000000d2500000)
 Metaspace       used 91525K, committed 92800K, reserved 1138688K
  class space    used 9075K, committed 9664K, reserved 1048576K
}
Event: 3684.576 GC heap before
{Heap before GC invocations=7350 (full 184):
 PSYoungGen      total 6656K, used 6602K [0x00000000eab00000, 0x00000000eb700000, 0x0000000100000000)
  eden space 6144K, 100% used [0x00000000eab00000,0x00000000eb100000,0x00000000eb100000)
  from space 512K, 89% used [0x00000000eb600000,0x00000000eb672910,0x00000000eb680000)
  to   space 512K, 0% used [0x00000000eb680000,0x00000000eb680000,0x00000000eb700000)
 ParOldGen       total 300032K, used 260427K [0x00000000c0000000, 0x00000000d2500000, 0x00000000eab00000)
  object space 300032K, 86% used [0x00000000c0000000,0x00000000cfe52c00,0x00000000d2500000)
 Metaspace       used 91525K, committed 92800K, reserved 1138688K
  class space    used 9075K, committed 9664K, reserved 1048576K
}
Event: 3684.578 GC heap after
{Heap after GC invocations=7350 (full 184):
 PSYoungGen      total 6656K, used 330K [0x00000000eab00000, 0x00000000eb700000, 0x0000000100000000)
  eden space 6144K, 0% used [0x00000000eab00000,0x00000000eab00000,0x00000000eb100000)
  from space 512K, 64% used [0x00000000eb680000,0x00000000eb6d2910,0x00000000eb700000)
  to   space 512K, 0% used [0x00000000eb600000,0x00000000eb600000,0x00000000eb680000)
 ParOldGen       total 300032K, used 260427K [0x00000000c0000000, 0x00000000d2500000, 0x00000000eab00000)
  object space 300032K, 86% used [0x00000000c0000000,0x00000000cfe52c00,0x00000000d2500000)
 Metaspace       used 91525K, committed 92800K, reserved 1138688K
  class space    used 9075K, committed 9664K, reserved 1048576K
}

