# JRE version: OpenJDK Runtime Environment Temurin-17.0.4.1+1 (17.0.4.1+1) (build 17.0.4.1+1)
# Java VM: OpenJDK 64-Bit Server VM Temurin-17.0.4.1+1 (17.0.4.1+1, mixed mode, tiered, compressed oops, compressed class ptrs, parallel gc, windows-amd64)
GC Precious Log:
 CPUs: 4 total, 4 available
 Memory: 4001M
 Large Page Support: Disabled
 NUMA Support: Disabled
 Compressed Oops: Enabled (32-bit)
 Alignments: Space 512K, Generation 512K, Heap 2M
 Heap Min Capacity: 100M
 Heap Initial Capacity: 100M
 Heap Max Capacity: 1G
 Pre-touch: Disabled
 Parallel Workers: 4
Heap:
 PSYoungGen      total 4608K, used 4586K [0x00000000eab00000, 0x00000000eb100000, 0x0000000100000000)
  eden space 4096K, 100% used [0x00000000eab00000,0x00000000eaf00000,0x00000000eaf00000)
  from space 512K, 95% used [0x00000000eaf80000,0x00000000eaffa910,0x00000000eb000000)
  to   space 1024K, 87% used [0x00000000eb000000,0x00000000eb0e1210,0x00000000eb100000)
 ParOldGen       total 229888K, used 193103K [0x00000000c0000000, 0x00000000ce080000, 0x00000000eab00000)
  object space 229888K, 83% used [0x00000000c0000000,0x00000000cbc93fa0,0x00000000ce080000)
 Metaspace       used 89191K, committed 90432K, reserved 1130496K
  class space    used 8586K, committed 9152K, reserved 1048576K
GC Heap History (20 events):
Event: 6930.754 GC heap after
{Heap after GC invocations=13317 (full 229):
 PSYoungGen      total 5632K, used 506K [0x00000000eab00000, 0x00000000eb280000, 0x0000000100000000)
  eden space 5120K, 0% used [0x00000000eab00000,0x00000000eab00000,0x00000000eb000000)
  from space 512K, 98% used [0x00000000eb200000,0x00000000eb27e900,0x00000000eb280000)
  to   space 1024K, 0% used [0x00000000eb080000,0x00000000eb080000,0x00000000eb180000)
 ParOldGen       total 229888K, used 186932K [0x00000000c0000000, 0x00000000ce080000, 0x00000000eab00000)
  object space 229888K, 81% used [0x00000000c0000000,0x00000000cb68d378,0x00000000ce080000)
 Metaspace       used 89191K, committed 90432K, reserved 1130496K
  class space    used 8586K, committed 9152K, reserved 1048576K
}
Event: 6930.830 GC heap before
{Heap before GC invocations=13318 (full 229):
 PSYoungGen      total 5632K, used 5626K [0x00000000eab00000, 0x00000000eb280000, 0x0000000100000000)
  eden space 5120K, 100% used [0x00000000eab00000,0x00000000eb000000,0x00000000eb000000)
  from space 512K, 98% used [0x00000000eb200000,0x00000000eb27e900,0x00000000eb280000)
  to   space 1024K, 0% used [0x00000000eb080000,0x00000000eb080000,0x00000000eb180000)
 ParOldGen       total 229888K, used 186932K [0x00000000c0000000, 0x00000000ce080000, 0x00000000eab00000)
  object space 229888K, 81% used [0x00000000c0000000,0x00000000cb68d378,0x00000000ce080000)
 Metaspace       used 89191K, committed 90432K, reserved 1130496K
  class space    used 8586K, committed 9152K, reserved 1048576K
}
Event: 6930.835 GC heap after
{Heap after GC invocations=13318 (full 229):
 PSYoungGen      total 6144K, used 842K [0x00000000eab00000, 0x00000000eb280000, 0x0000000100000000)
  eden space 5120K, 0% used [0x00000000eab00000,0x00000000eab00000,0x00000000eb000000)
  from space 1024K, 82% used [0x00000000eb080000,0x00000000eb152910,0x00000000eb180000)
  to   space 1024K, 0% used [0x00000000eb180000,0x00000000eb180000,0x00000000eb280000)
 ParOldGen       total 229888K, used 187385K [0x00000000c0000000, 0x00000000ce080000, 0x00000000eab00000)
  object space 229888K, 81% used [0x00000000c0000000,0x00000000cb6fe588,0x00000000ce080000)
 Metaspace       used 89191K, committed 90432K, reserved 1130496K
  class space    used 8586K, committed 9152K, reserved 1048576K
}
Event: 6930.881 GC heap before
{Heap before GC invocations=13319 (full 229):
 PSYoungGen      total 6144K, used 5962K [0x00000000eab00000, 0x00000000eb280000, 0x0000000100000000)
  eden space 5120K, 100% used [0x00000000eab00000,0x00000000eb000000,0x00000000eb000000)
  from space 1024K, 82% used [0x00000000eb080000,0x00000000eb152910,0x00000000eb180000)
  to   space 1024K, 0% used [0x00000000eb180000,0x00000000eb180000,0x00000000eb280000)
 ParOldGen       total 229888K, used 187385K [0x00000000c0000000, 0x00000000ce080000, 0x00000000eab00000)
  object space 229888K, 81% used [0x00000000c0000000,0x00000000cb6fe588,0x00000000ce080000)
 Metaspace       used 89191K, committed 90432K, reserved 1130496K
  class space    used 8586K, committed 9152K, reserved 1048576K
}
Event: 6930.885 GC heap after
{Heap after GC invocations=13319 (full 229):
 PSYoungGen      total 5632K, used 426K [0x00000000eab00000, 0x00000000eb200000, 0x0000000100000000)
  eden space 5120K, 0% used [0x00000000eab00000,0x00000000eab00000,0x00000000eb000000)
  from space 512K, 83% used [0x00000000eb180000,0x00000000eb1ea910,0x00000000eb200000)
  to   space 1024K, 0% used [0x00000000eb000000,0x00000000eb000000,0x00000000eb100000)
 ParOldGen       total 229888K, used 188165K [0x00000000c0000000, 0x00000000ce080000, 0x00000000eab00000)
  object space 229888K, 81% used [0x00000000c0000000,0x00000000cb7c17a8,0x00000000ce080000)
 Metaspace       used 89191K, committed 90432K, reserved 1130496K
  class space    used 8586K, committed 9152K, reserved 1048576K
}
Event: 6930.903 GC heap before
{Heap before GC invocations=13320 (full 229):
 PSYoungGen      total 5632K, used 5546K [0x00000000eab00000, 0x00000000eb200000, 0x0000000100000000)
  eden space 5120K, 100% used [0x00000000eab00000,0x00000000eb000000,0x00000000eb000000)
  from space 512K, 83% used [0x00000000eb180000,0x00000000eb1ea910,0x00000000eb200000)
  to   space 1024K, 0% used [0x00000000eb000000,0x00000000eb000000,0x00000000eb100000)
 ParOldGen       total 229888K, used 188165K [0x00000000c0000000, 0x00000000ce080000, 0x00000000eab00000)
  object space 229888K, 81% used [0x00000000c0000000,0x00000000cb7c17a8,0x00000000ce080000)
 Metaspace       used 89191K, committed 90432K, reserved 1130496K
  class space    used 8586K, committed 9152K, reserved 1048576K
}
Event: 6930.906 GC heap after
{Heap after GC invocations=13320 (full 229):
 PSYoungGen      total 6144K, used 506K [0x00000000eab00000, 0x00000000eb200000, 0x0000000100000000)
  eden space 5120K, 0% used [0x00000000eab00000,0x00000000eab00000,0x00000000eb000000)
  from space 1024K, 49% used [0x00000000eb000000,0x00000000eb07e900,0x00000000eb100000)
  to   space 1024K, 0% used [0x00000000eb100000,0x00000000eb100000,0x00000000eb200000)
 ParOldGen       total 229888K, used 188514K [0x00000000c0000000, 0x00000000ce080000, 0x00000000eab00000)
  object space 229888K, 82% used [0x00000000c0000000,0x00000000cb8189c8,0x00000000ce080000)
 Metaspace       used 89191K, committed 90432K, reserved 1130496K
  class space    used 8586K, committed 9152K, reserved 1048576K
}
Event: 6930.983 GC heap before
{Heap before GC invocations=13321 (full 229):
 PSYoungGen      total 6144K, used 5626K [0x00000000eab00000, 0x00000000eb200000, 0x0000000100000000)
  eden space 5120K, 100% used [0x00000000eab00000,0x00000000eb000000,0x00000000eb000000)
  from space 1024K, 49% used [0x00000000eb000000,0x00000000eb07e900,0x00000000eb100000)
  to   space 1024K, 0% used [0x00000000eb100000,0x00000000eb100000,0x00000000eb200000)
 ParOldGen       total 229888K, used 188514K [0x00000000c0000000, 0x00000000ce080000, 0x00000000eab00000)
  object space 229888K, 82% used [0x00000000c0000000,0x00000000cb8189c8,0x00000000ce080000)
 Metaspace       used 89191K, committed 90432K, reserved 1130496K
  class space    used 8586K, committed 9152K, reserved 1048576K
}
Event: 6930.986 GC heap after
{Heap after GC invocations=13321 (full 229):
 PSYoungGen      total 5120K, used 1001K [0x00000000eab00000, 0x00000000eb400000, 0x0000000100000000)
  eden space 4096K, 0% used [0x00000000eab00000,0x00000000eab00000,0x00000000eaf00000)
  from space 1024K, 97% used [0x00000000eb100000,0x00000000eb1fa420,0x00000000eb200000)
  to   space 2048K, 0% used [0x00000000eaf00000,0x00000000eaf00000,0x00000000eb100000)
 ParOldGen       total 229888K, used 188947K [0x00000000c0000000, 0x00000000ce080000, 0x00000000eab00000)
  object space 229888K, 82% used [0x00000000c0000000,0x00000000cb884c40,0x00000000ce080000)
 Metaspace       used 89191K, committed 90432K, reserved 1130496K
  class space    used 8586K, committed 9152K, reserved 1048576K
}
Event: 6931.015 GC heap before
{Heap before GC invocations=13322 (full 229):
 PSYoungGen      total 5120K, used 5097K [0x00000000eab00000, 0x00000000eb400000, 0x0000000100000000)
  eden space 4096K, 100% used [0x00000000eab00000,0x00000000eaf00000,0x00000000eaf00000)
  from space 1024K, 97% used [0x00000000eb100000,0x00000000eb1fa420,0x00000000eb200000)
  to   space 2048K, 0% used [0x00000000eaf00000,0x00000000eaf00000,0x00000000eb100000)
 ParOldGen       total 229888K, used 188947K [0x00000000c0000000, 0x00000000ce080000, 0x00000000eab00000)
  object space 229888K, 82% used [0x00000000c0000000,0x00000000cb884c40,0x00000000ce080000)
 Metaspace       used 89191K, committed 90432K, reserved 1130496K
  class space    used 8586K, committed 9152K, reserved 1048576K
}
Event: 6931.046 GC heap after
{Heap after GC invocations=13322 (full 229):
 PSYoungGen      total 5120K, used 1018K [0x00000000eab00000, 0x00000000eb200000, 0x0000000100000000)
  eden space 4096K, 0% used [0x00000000eab00000,0x00000000eab00000,0x00000000eaf00000)
  from space 1024K, 99% used [0x00000000eaf00000,0x00000000eaffe900,0x00000000eb000000)
  to   space 1536K, 0% used [0x00000000eb080000,0x00000000eb080000,0x00000000eb200000)
 ParOldGen       total 229888K, used 189876K [0x00000000c0000000, 0x00000000ce080000, 0x00000000eab00000)
  object space 229888K, 82% used [0x00000000c0000000,0x00000000cb96d080,0x00000000ce080000)
 Metaspace       used 89191K, committed 90432K, reserved 1130496K
  class space    used 8586K, committed 9152K, reserved 1048576K
}
Event: 6931.061 GC heap before
{Heap before GC invocations=13323 (full 229):
 PSYoungGen      total 5120K, used 5114K [0x00000000eab00000, 0x00000000eb200000, 0x0000000100000000)
  eden space 4096K, 100% used [0x00000000eab00000,0x00000000eaf00000,0x00000000eaf00000)
  from space 1024K, 99% used [0x00000000eaf00000,0x00000000eaffe900,0x00000000eb000000)
  to   space 1536K, 0% used [0x00000000eb080000,0x00000000eb080000,0x00000000eb200000)
 ParOldGen       total 229888K, used 189876K [0x00000000c0000000, 0x00000000ce080000, 0x00000000eab00000)
  object space 229888K, 82% used [0x00000000c0000000,0x00000000cb96d080,0x00000000ce080000)
 Metaspace       used 89191K, committed 90432K, reserved 1130496K
  class space    used 8586K, committed 9152K, reserved 1048576K
}
Event: 6931.065 GC heap after
{Heap after GC invocations=13323 (full 229):
 PSYoungGen      total 5120K, used 820K [0x00000000eab00000, 0x00000000eb180000, 0x0000000100000000)
  eden space 4096K, 0% used [0x00000000eab00000,0x00000000eab00000,0x00000000eaf00000)
  from space 1024K, 80% used [0x00000000eb080000,0x00000000eb14d200,0x00000000eb180000)
  to   space 1024K, 0% used [0x00000000eaf00000,0x00000000eaf00000,0x00000000eb000000)
 ParOldGen       total 229888K, used 190821K [0x00000000c0000000, 0x00000000ce080000, 0x00000000eab00000)
  object space 229888K, 83% used [0x00000000c0000000,0x00000000cba595f0,0x00000000ce080000)
 Metaspace       used 89191K, committed 90432K, reserved 1130496K
  class space    used 8586K, committed 9152K, reserved 1048576K
}
Event: 6931.085 GC heap before
{Heap before GC invocations=13324 (full 229):
 PSYoungGen      total 5120K, used 4916K [0x00000000eab00000, 0x00000000eb180000, 0x0000000100000000)
  eden space 4096K, 100% used [0x00000000eab00000,0x00000000eaf00000,0x00000000eaf00000)
  from space 1024K, 80% used [0x00000000eb080000,0x00000000eb14d200,0x00000000eb180000)
  to   space 1024K, 0% used [0x00000000eaf00000,0x00000000eaf00000,0x00000000eb000000)
 ParOldGen       total 229888K, used 190821K [0x00000000c0000000, 0x00000000ce080000, 0x00000000eab00000)
  object space 229888K, 83% used [0x00000000c0000000,0x00000000cba595f0,0x00000000ce080000)
 Metaspace       used 89191K, committed 90432K, reserved 1130496K
  class space    used 8586K, committed 9152K, reserved 1048576K
}
Event: 6931.088 GC heap after
{Heap after GC invocations=13324 (full 229):
 PSYoungGen      total 5120K, used 820K [0x00000000eab00000, 0x00000000eb100000, 0x0000000100000000)
  eden space 4096K, 0% used [0x00000000eab00000,0x00000000eab00000,0x00000000eaf00000)
  from space 1024K, 80% used [0x00000000eaf00000,0x00000000eafcd200,0x00000000eb000000)
  to   space 1024K, 0% used [0x00000000eb000000,0x00000000eb000000,0x00000000eb100000)
 ParOldGen       total 229888K, used 191578K [0x00000000c0000000, 0x00000000ce080000, 0x00000000eab00000)
  object space 229888K, 83% used [0x00000000c0000000,0x00000000cbb16810,0x00000000ce080000)
 Metaspace       used 89191K, committed 90432K, reserved 1130496K
  class space    used 8586K, committed 9152K, reserved 1048576K
}
Event: 6931.105 GC heap before
{Heap before GC invocations=13325 (full 229):
 PSYoungGen      total 5120K, used 4916K [0x00000000eab00000, 0x00000000eb100000, 0x0000000100000000)
  eden space 4096K, 100% used [0x00000000eab00000,0x00000000eaf00000,0x00000000eaf00000)
  from space 1024K, 80% used [0x00000000eaf00000,0x00000000eafcd200,0x00000000eb000000)
  to   space 1024K, 0% used [0x00000000eb000000,0x00000000eb000000,0x00000000eb100000)
 ParOldGen       total 229888K, used 191578K [0x00000000c0000000, 0x00000000ce080000, 0x00000000eab00000)
  object space 229888K, 83% used [0x00000000c0000000,0x00000000cbb16810,0x00000000ce080000)
 Metaspace       used 89191K, committed 90432K, reserved 1130496K
  class space    used 8586K, committed 9152K, reserved 1048576K
}
Event: 6931.108 GC heap after
{Heap after GC invocations=13325 (full 229):
 PSYoungGen      total 4608K, used 314K [0x00000000eab00000, 0x00000000eb080000, 0x0000000100000000)
  eden space 4096K, 0% used [0x00000000eab00000,0x00000000eab00000,0x00000000eaf00000)
  from space 512K, 61% used [0x00000000eb000000,0x00000000eb04e900,0x00000000eb080000)
  to   space 512K, 0% used [0x00000000eaf80000,0x00000000eaf80000,0x00000000eb000000)
 ParOldGen       total 229888K, used 192358K [0x00000000c0000000, 0x00000000ce080000, 0x00000000eab00000)
  object space 229888K, 83% used [0x00000000c0000000,0x00000000cbbd9a30,0x00000000ce080000)
 Metaspace       used 89191K, committed 90432K, reserved 1130496K
  class space    used 8586K, committed 9152K, reserved 1048576K
}
Event: 6931.127 GC heap before
{Heap before GC invocations=13326 (full 229):
 PSYoungGen      total 4608K, used 4410K [0x00000000eab00000, 0x00000000eb080000, 0x0000000100000000)
  eden space 4096K, 100% used [0x00000000eab00000,0x00000000eaf00000,0x00000000eaf00000)
  from space 512K, 61% used [0x00000000eb000000,0x00000000eb04e900,0x00000000eb080000)
  to   space 512K, 0% used [0x00000000eaf80000,0x00000000eaf80000,0x00000000eb000000)
 ParOldGen       total 229888K, used 192358K [0x00000000c0000000, 0x00000000ce080000, 0x00000000eab00000)
  object space 229888K, 83% used [0x00000000c0000000,0x00000000cbbd9a30,0x00000000ce080000)
 Metaspace       used 89191K, committed 90432K, reserved 1130496K
  class space    used 8586K, committed 9152K, reserved 1048576K
}
Event: 6931.129 GC heap after
{Heap after GC invocations=13326 (full 229):
 PSYoungGen      total 4608K, used 490K [0x00000000eab00000, 0x00000000eb100000, 0x0000000100000000)
  eden space 4096K, 0% used [0x00000000eab00000,0x00000000eab00000,0x00000000eaf00000)
  from space 512K, 95% used [0x00000000eaf80000,0x00000000eaffa910,0x00000000eb000000)
  to   space 1024K, 0% used [0x00000000eb000000,0x00000000eb000000,0x00000000eb100000)
 ParOldGen       total 229888K, used 192619K [0x00000000c0000000, 0x00000000ce080000, 0x00000000eab00000)
  object space 229888K, 83% used [0x00000000c0000000,0x00000000cbc1ad80,0x00000000ce080000)
 Metaspace       used 89191K, committed 90432K, reserved 1130496K
  class space    used 8586K, committed 9152K, reserved 1048576K
}
Event: 6931.142 GC heap before
{Heap before GC invocations=13327 (full 229):
 PSYoungGen      total 4608K, used 4586K [0x00000000eab00000, 0x00000000eb100000, 0x0000000100000000)
  eden space 4096K, 100% used [0x00000000eab00000,0x00000000eaf00000,0x00000000eaf00000)
  from space 512K, 95% used [0x00000000eaf80000,0x00000000eaffa910,0x00000000eb000000)
  to   space 1024K, 0% used [0x00000000eb000000,0x00000000eb000000,0x00000000eb100000)
 ParOldGen       total 229888K, used 192619K [0x00000000c0000000, 0x00000000ce080000, 0x00000000eab00000)
  object space 229888K, 83% used [0x00000000c0000000,0x00000000cbc1ad80,0x00000000ce080000)
 Metaspace       used 89191K, committed 90432K, reserved 1130496K
  class space    used 8586K, committed 9152K, reserved 1048576K
}

